<?xml version="1.0" encoding="UTF-8"?>
<testng-results total="1" passed="1" failed="0" skipped="0">
  <reporter-output>
  </reporter-output>
  <suite started-at="2021-02-22T17:55:16Z" name="Suite" finished-at="2021-02-22T17:57:16Z" duration-ms="119535">
    <groups>
      <group name="cucumber">
        <method signature="AbstractTestNGCucumberTests.feature(cucumber.api.testng.CucumberFeatureWrapper)[pri:0, instance:com.e2eTests.whereitTest.TestRunner2@51bf5add]" name="feature" class="cucumber.api.testng.AbstractTestNGCucumberTests"/>
      </group> <!-- cucumber -->
    </groups>
    <test started-at="2021-02-22T17:55:16Z" name="Test" finished-at="2021-02-22T17:57:16Z" duration-ms="119535">
      <class name="com.e2eTests.whereitTest.TestRunner2">
        <test-method is-config="true" signature="setUpClass()[pri:0, instance:com.e2eTests.whereitTest.TestRunner2@51bf5add]" started-at="2021-02-22T18:55:16Z" name="setUpClass" finished-at="2021-02-22T18:55:17Z" duration-ms="265" status="PASS">
          <reporter-output>
          </reporter-output>
        </test-method> <!-- setUpClass -->
        <test-method is-config="true" signature="getDevice(java.lang.String)[pri:0, instance:com.e2eTests.whereitTest.TestRunner2@51bf5add]" started-at="2021-02-22T18:55:17Z" name="getDevice" finished-at="2021-02-22T18:55:17Z" duration-ms="4" status="PASS">
          <params>
            <param index="0">
              <value>
                <![CDATA[Qualif]]>
              </value>
            </param>
          </params>
          <reporter-output>
          </reporter-output>
        </test-method> <!-- getDevice -->
        <test-method signature="feature(cucumber.api.testng.CucumberFeatureWrapper)[pri:0, instance:com.e2eTests.whereitTest.TestRunner2@51bf5add]" started-at="2021-02-22T18:55:17Z" name="feature" description="Runs Cucumber Feature" data-provider="features" finished-at="2021-02-22T18:57:15Z" duration-ms="118559" status="PASS">
          <params>
            <param index="0">
              <value>
                <![CDATA[Authentification - Whereit]]>
              </value>
            </param>
          </params>
          <reporter-output>
          </reporter-output>
        </test-method> <!-- feature -->
        <test-method is-config="true" signature="tearDownClass()[pri:0, instance:com.e2eTests.whereitTest.TestRunner2@51bf5add]" started-at="2021-02-22T18:57:15Z" name="tearDownClass" finished-at="2021-02-22T18:57:16Z" duration-ms="583" status="PASS">
          <reporter-output>
          </reporter-output>
        </test-method> <!-- tearDownClass -->
      </class> <!-- com.e2eTests.whereitTest.TestRunner2 -->
    </test> <!-- Test -->
  </suite> <!-- Suite -->
</testng-results>
