<?xml version="1.0" encoding="UTF-8"?>
<testsuite xmlns:xsi="http://www.w3.org/2001/XMLSchema-instance" xsi:noNamespaceSchemaLocation="https://maven.apache.org/surefire/maven-surefire-plugin/xsd/surefire-test-report.xsd" name="com.e2eTests.whereitTest.TestRunner" time="175.825" tests="39" errors="0" skipped="0" failures="0">
  <properties>
[...]
</properties>
  <testcase name="Given Je me connecte à l&apos;application Whereit-test" classname="Scenario: Authentification - Whereit-test" time="0.001"/>
  <testcase name="Given Je me connecte à l&apos;application Whereit-test" classname="Scenario: Authentification - Whereit-test" time="0.001"/>
  <testcase name="Given Je me connecte à l&apos;application Whereit-test" classname="Scenario: Authentification - Whereit-test" time="0"/>
  <testcase name="Given Je me connecte à l&apos;application Whereit-test" classname="Scenario: Authentification - Whereit-test" time="0"/>
  <testcase name="When Je saisis le username &quot;Superviseur&quot;" classname="Scenario: Authentification - Whereit-test" time="0"/>
  <testcase name="When Je saisis le username &quot;Superviseur&quot;" classname="Scenario: Authentification - Whereit-test" time="0"/>
  <testcase name="And Je saisis le password &quot;WeFind1204%=&quot;" classname="Scenario: Authentification - Whereit-test" time="0"/>
  <testcase name="And Je saisis le password &quot;WeFind1204%=&quot;" classname="Scenario: Authentification - Whereit-test" time="0"/>
  <testcase name="And je clique sur le bouton Valider" classname="Scenario: Authentification - Whereit-test" time="0"/>
  <testcase name="And je clique sur le bouton Valider" classname="Scenario: Authentification - Whereit-test" time="0"/>
  <testcase name="And je clique sur le bouton Valider" classname="Scenario: Authentification - Whereit-test" time="0"/>
  <testcase name="And je clique sur le bouton Valider" classname="Scenario: Authentification - Whereit-test" time="0"/>
  <testcase name="Then Redirection vers le compte admin" classname="Scenario: Authentification - Whereit-test" time="0.001"/>
  <testcase name="Scenario: Authentification - Whereit-test" classname="Scenario: Authentification - Whereit-test" time="0.641"/>
  <testcase name="Scenario: Authentification - Whereit-test" classname="Scenario: Authentification - Whereit-test" time="0.633"/>
  <testcase name="Scenario: Authentification - Whereit-test" classname="Scenario: Authentification - Whereit-test" time="0.631"/>
  <testcase name="Scenario: Authentification - Whereit-test" classname="Scenario: Authentification - Whereit-test" time="0.673"/>
  <testcase name="When Je saisis le username &quot;IVALIDUSERNAME&quot;" classname="Scenario: Authentification - Whereit-test" time="0"/>
  <testcase name="Then Je verifie le message d&apos;erreur &quot;Identifiant ou mot de passe incorrect&quot;" classname="Scenario: Authentification - Whereit-test" time="0"/>
  <testcase name="Then Je verifie le message d&apos;erreur &quot;Identifiant ou mot de passe incorrect&quot;" classname="Scenario: Authentification - Whereit-test" time="0"/>
  <testcase name="Then Je verifie le message d&apos;erreur &quot;Identifiant ou mot de passe incorrect&quot;" classname="Scenario: Authentification - Whereit-test" time="0"/>
  <testcase name="And Je saisis le password &quot;INVALIDPASSWORD&quot;" classname="Scenario: Authentification - Whereit-test" time="0"/>
  <testcase name="When Je saisis le username &quot;INVALIDUSERNAME&quot;" classname="Scenario: Authentification - Whereit-test" time="0"/>
  <testcase name="And Je saisis le password &quot;,INVALIDPASSWORD&quot;" classname="Scenario: Authentification - Whereit-test" time="0"/>
  <testcase name="Given Je me connecte à l&apos;application Whereit-test" classname="| Superviseur | WeFind1204%= |" time="0"/>
  <testcase name="When je saisis l&apos;identifiant &quot;Superviseur&quot;" classname="| Superviseur | WeFind1204%= |" time="0"/>
  <testcase name="And je saisis le mot de passe &quot;WeFind1204%=&quot;" classname="| Superviseur | WeFind1204%= |" time="0"/>
  <testcase name="And je clique sur le bouton Valider" classname="| Superviseur | WeFind1204%= |" time="0.001"/>
  <testcase name="| Superviseur | WeFind1204%= |" classname="| Superviseur | WeFind1204%= |" time="0.658"/>
  <testcase name="Given Je me connecte à l&apos;application Whereit-test" classname="| imen | 3fq4w |" time="0.001"/>
  <testcase name="When je saisis l&apos;identifiant &quot;imen&quot;" classname="| imen | 3fq4w |" time="0"/>
  <testcase name="And je saisis le mot de passe &quot;3fq4w&quot;" classname="| imen | 3fq4w |" time="0"/>
  <testcase name="And je clique sur le bouton Valider" classname="| imen | 3fq4w |" time="0"/>
  <testcase name="| imen | 3fq4w |" classname="| imen | 3fq4w |" time="0.655"/>
  <testcase name="Given Je me connecte à l&apos;application Whereit-test" classname="| yosra | 1xqxb |" time="0"/>
  <testcase name="When je saisis l&apos;identifiant &quot;yosra&quot;" classname="| yosra | 1xqxb |" time="0"/>
  <testcase name="And je saisis le mot de passe &quot;1xqxb&quot;" classname="| yosra | 1xqxb |" time="0"/>
  <testcase name="And je clique sur le bouton Valider" classname="| yosra | 1xqxb |" time="0.001"/>
  <testcase name="| yosra | 1xqxb |" classname="| yosra | 1xqxb |" time="0.641"/>
</testsuite>